Build started 4/6/2017 12:45:14 PM.
     1>Project "D:\Users\Tom\Documents\GitHub\GameAI\f1spirit-CS387\f1spirit-CS387\f1spirit-steering.vcxproj" on node 2 (Build target(s)).
     1>C:\Program Files (x86)\MSBuild\Microsoft.Cpp\v4.0\V140\Microsoft.CppBuild.targets(936,5): warning MSB8027: Two or more files with the name of PlayerCCarAI.cpp will produce outputs to the same location. This can lead to an incorrect build result.  The files involved are sources\CS480\PlayerCCarAI.cpp, sources\PlayerCCarAI.cpp.
     1>ClCompile:
         D:\Program Files (x86)\Microsoft Visual Studio 14.0\VC\bin\CL.exe /c /Iinclude /Isources /Isources\CS480 /Zi /nologo /W3 /WX- /Od /Oy- /D WIN32 /D _DEBUG /D _WINDOWS /Gm /EHsc /RTC1 /MD /GS /fp:precise /Zc:wchar_t /Zc:forScope /Zc:inline /Fo"Debug\\" /Fd"Debug\vc140.pdb" /Gd /TP /analyze- /errorReport:prompt sources\F1SpiritApp.cpp
         F1SpiritApp.cpp
     1>sources\F1SpiritApp.cpp(475): warning C4150: deletion of pointer to incomplete type 'F1Shttp'; no destructor called
         d:\users\tom\documents\github\gameai\f1spirit-cs387\f1spirit-cs387\sources\F1SpiritApp.h(239): note: see declaration of 'F1Shttp'
     1>sources\F1SpiritApp.cpp(741): warning C4996: 'sprintf': This function or variable may be unsafe. Consider using sprintf_s instead. To disable deprecation, use _CRT_SECURE_NO_WARNINGS. See online help for details.
         C:\Program Files (x86)\Windows Kits\10\Include\10.0.10150.0\ucrt\stdio.h(1769): note: see declaration of 'sprintf'
     1>sources\F1SpiritApp.cpp(778): warning C4996: 'strcpy': This function or variable may be unsafe. Consider using strcpy_s instead. To disable deprecation, use _CRT_SECURE_NO_WARNINGS. See online help for details.
         C:\Program Files (x86)\Windows Kits\10\Include\10.0.10150.0\ucrt\string.h(119): note: see declaration of 'strcpy'
     1>sources\F1SpiritApp.cpp(781): warning C4996: 'strcpy': This function or variable may be unsafe. Consider using strcpy_s instead. To disable deprecation, use _CRT_SECURE_NO_WARNINGS. See online help for details.
         C:\Program Files (x86)\Windows Kits\10\Include\10.0.10150.0\ucrt\string.h(119): note: see declaration of 'strcpy'
     1>sources\F1SpiritApp.cpp(957): warning C4996: 'strcpy': This function or variable may be unsafe. Consider using strcpy_s instead. To disable deprecation, use _CRT_SECURE_NO_WARNINGS. See online help for details.
         C:\Program Files (x86)\Windows Kits\10\Include\10.0.10150.0\ucrt\string.h(119): note: see declaration of 'strcpy'
     1>sources\F1SpiritApp.cpp(975): warning C4996: 'strcpy': This function or variable may be unsafe. Consider using strcpy_s instead. To disable deprecation, use _CRT_SECURE_NO_WARNINGS. See online help for details.
         C:\Program Files (x86)\Windows Kits\10\Include\10.0.10150.0\ucrt\string.h(119): note: see declaration of 'strcpy'
     1>sources\F1SpiritApp.cpp(992): warning C4996: 'strcpy': This function or variable may be unsafe. Consider using strcpy_s instead. To disable deprecation, use _CRT_SECURE_NO_WARNINGS. See online help for details.
         C:\Program Files (x86)\Windows Kits\10\Include\10.0.10150.0\ucrt\string.h(119): note: see declaration of 'strcpy'
     1>sources\F1SpiritApp.cpp(1019): warning C4996: 'sprintf': This function or variable may be unsafe. Consider using sprintf_s instead. To disable deprecation, use _CRT_SECURE_NO_WARNINGS. See online help for details.
         C:\Program Files (x86)\Windows Kits\10\Include\10.0.10150.0\ucrt\stdio.h(1769): note: see declaration of 'sprintf'
     1>sources\F1SpiritApp.cpp(1063): warning C4996: 'fscanf': This function or variable may be unsafe. Consider using fscanf_s instead. To disable deprecation, use _CRT_SECURE_NO_WARNINGS. See online help for details.
         C:\Program Files (x86)\Windows Kits\10\Include\10.0.10150.0\ucrt\stdio.h(1193): note: see declaration of 'fscanf'
       Link:
         D:\Program Files (x86)\Microsoft Visual Studio 14.0\VC\bin\link.exe /ERRORREPORT:PROMPT /OUT:"D:\Users\Tom\Documents\GitHub\GameAI\f1spirit-CS387\f1spirit-CS387\Debug\f1spirit-steering.exe" /INCREMENTAL /NOLOGO /LIBPATH:"D:\Users\Tom\Documents\GitHub\GameAI\f1spirit-CS387\f1spirit-CS387\libs" glu32.lib openGL32.lib SDLmain.lib SDL.lib SDL_net.lib SDL_mixer.lib SDL_image.lib glut.lib /MANIFEST /MANIFESTUAC:"level='asInvoker' uiAccess='false'" /manifest:embed /Debug /PDB:"D:\Users\Tom\Documents\GitHub\GameAI\f1spirit-CS387\f1spirit-CS387\Debug\f1spirit-steering.pdb" /SUBSYSTEM:WINDOWS /TLBID:1 /DYNAMICBASE /NXCOMPAT /IMPLIB:"D:\Users\Tom\Documents\GitHub\GameAI\f1spirit-CS387\f1spirit-CS387\Debug\f1spirit-steering.lib" /MACHINE:X86 Debug\2DCMC.obj
         Debug\AIDebug.obj
         Debug\auxiliar.obj
         Debug\CarEngineSound.obj
         Debug\CCar.obj
         Debug\CPlayer.obj
         Debug\PlayerCCarAI.obj
         Debug\debug.obj
         Debug\EnemyCCar.obj
         Debug\EnemyCCarAI.obj
         Debug\F1SComputer.obj
         "Debug\F1Spirit-auxiliar.obj"
         Debug\F1SpiritApp.obj
         Debug\F1SpiritGame.obj
         Debug\F1SpiritTrackViewer.obj
         Debug\filehandling.obj
         Debug\GameParameters.obj
         Debug\geometrics.obj
         "Debug\GLtile-f1.obj"
         Debug\GLTile.obj
         Debug\keyboardstate.obj
         Debug\main.obj
         Debug\PlacedGLTile.obj
         Debug\PlayerCCar.obj
         Debug\PlayerCCarAI.obj
         Debug\RacingCCar.obj
         Debug\ranrotb.obj
         Debug\ReplayInfo.obj
         Debug\RoadPiece.obj
         Debug\RotatedGLTile.obj
         Debug\SDL_glutaux.obj
         Debug\sound.obj
         Debug\state_disclaimer.obj
         Debug\state_endsequence.obj
         Debug\state_gameoptions.obj
         Debug\state_gamestart.obj
         Debug\state_hiscore.obj
         Debug\state_konami.obj
         Debug\state_menu.obj
         Debug\state_menu_create_menu.obj
         Debug\state_menu_draw.obj
         Debug\state_race.obj
         Debug\state_race_result.obj
         Debug\state_replaymanager.obj
         Debug\state_title.obj
         Debug\state_trackload.obj
         Debug\track.obj
         Debug\Vector.obj
         Debug\weather.obj
         libs\glut.lib
         libs\glut32.lib
         libs\SDL.lib
         libs\SDLmain.lib
         libs\SDL_image.lib
         libs\SDL_mixer.lib
         libs\SDL_net.lib
         f1spirit-steering.vcxproj -> D:\Users\Tom\Documents\GitHub\GameAI\f1spirit-CS387\f1spirit-CS387\Debug\f1spirit-steering.exe
     1>Done Building Project "D:\Users\Tom\Documents\GitHub\GameAI\f1spirit-CS387\f1spirit-CS387\f1spirit-steering.vcxproj" (Build target(s)).

Build succeeded.

Time Elapsed 00:00:01.94
